Warning messages:
1: replacing previous import ‘data.table::first’ by ‘dplyr::first’ when loading ‘SAIGE’ 
2: replacing previous import ‘data.table::between’ by ‘dplyr::between’ when loading ‘SAIGE’ 
3: replacing previous import ‘data.table::last’ by ‘dplyr::last’ when loading ‘SAIGE’ 
Loading required package: RhpcBLASctl
Warning message:
package ‘optparse’ was built under R version 4.5.3 
Warning: Your system is mis-configured: ‘/var/db/timezone/localtime’ is not a symlink
Warning: ‘/var/db/timezone/localtime’ is not identical to any known timezone file
R version 4.5.2 (2025-10-31)
Platform: x86_64-conda-linux-gnu
Running under: Ubuntu 20.04.6 LTS

Matrix products: default
BLAS/LAPACK: /app/.pixi/envs/default/lib/libopenblasp-r0.3.33.so;  LAPACK version 3.12.0

locale:
 [1] LC_CTYPE=C.UTF-8       LC_NUMERIC=C           LC_TIME=C.UTF-8       
 [4] LC_COLLATE=C.UTF-8     LC_MONETARY=C.UTF-8    LC_MESSAGES=C.UTF-8   
 [7] LC_PAPER=C.UTF-8       LC_NAME=C              LC_ADDRESS=C          
[10] LC_TELEPHONE=C         LC_MEASUREMENT=C.UTF-8 LC_IDENTIFICATION=C   

time zone: NA
tzcode source: system (glibc)

attached base packages:
[1] parallel  stats     graphics  grDevices utils     datasets  methods  
[8] base     

other attached packages:
[1] data.table_1.17.8   optparse_1.8.2      RhpcBLASctl_0.23-42
[4] SAIGE_1.4.9        

loaded via a namespace (and not attached):
 [1] R6_2.6.1              tidyselect_1.2.1      Matrix_1.7-5         
 [4] lattice_0.22-9        magrittr_2.0.5        splines_4.5.2        
 [7] glue_1.8.1            tibble_3.3.1          pkgconfig_2.0.3      
[10] RcppParallel_5.1.11-2 dplyr_1.2.1           generics_0.1.4       
[13] lifecycle_1.0.5       cli_3.6.6             grid_4.5.2           
[16] vctrs_0.7.3           compiler_4.5.2        tools_4.5.2          
[19] pillar_1.11.1         survival_3.8-6        Rcpp_1.1.1-1.1       
[22] rlang_1.2.0          
$vcfFile
[1] ""

$vcfFileIndex
[1] ""

$vcfField
[1] "DS"

$savFile
[1] ""

$savFileIndex
[1] ""

$bgenFile
[1] ""

$tractorHybridPrefix
[1] "packed/example"

$bgenFileIndex
[1] ""

$sampleFile
[1] ""

$bedFile
[1] ""

$bimFile
[1] ""

$famFile
[1] ""

$AlleleOrder
[1] "alt-first"

$idstoIncludeFile
[1] ""

$rangestoIncludeFile
[1] ""

$chrom
[1] "chr22"

$is_imputed_data
[1] FALSE

$minMAF
[1] 0

$minMAC
[1] 1

$minGroupMAC_in_BurdenTest
[1] 5

$minInfo
[1] 0

$maxMissing
[1] 0.15

$impute_method
[1] "best_guess"

$LOCO
[1] FALSE

$GMMATmodelFile
[1] "output/step1_example.rda"

$varianceRatioFile
[1] "output/step1_example.varianceRatio.txt"

$SAIGEOutputFile
[1] "output/step2_results.tsv"

$markers_per_chunk
[1] 10000

$groups_per_chunk
[1] 100

$is_output_moreDetails
[1] FALSE

$is_overwrite_output
[1] TRUE

$maxMAF_in_groupTest
[1] "0.0001,0.001,0.01"

$maxMAC_in_groupTest
[1] "0"

$annotation_in_groupTest
[1] "lof,missense;lof,missense;lof;synonymous"

$groupFile
[1] ""

$sparseGRMFile
[1] ""

$sparseGRMSampleIDFile
[1] ""

$relatednessCutoff
[1] 0

$sampleFile_male
[1] ""

$X_PARregion
[1] ""

$is_rewrite_XnonPAR_forMales
[1] FALSE

$MACCutoff_to_CollapseUltraRare
[1] 10

$cateVarRatioMinMACVecExclude
[1] "10,20.5"

$cateVarRatioMaxMACVecInclude
[1] "20.5"

$weights.beta
[1] "1,25"

$r.corr
[1] 0

$markers_per_chunk_in_groupTest
[1] 100

$condition
[1] ""

$SPAcutoff
[1] 2

$dosage_zerod_cutoff
[1] 0.2

$dosage_zerod_MAC_cutoff
[1] 10

$is_single_in_groupTest
[1] FALSE

$is_no_weight_in_groupTest
[1] FALSE

$is_output_markerList_in_groupTest
[1] FALSE

$is_Firth_beta
[1] FALSE

$pCutoffforFirth
[1] 0.01

$is_fastTest
[1] FALSE

$max_MAC_for_ER
[1] 4

$is_admixed
[1] TRUE

$number_of_ancestry
[1] 3

$pvalcutoff_of_haplotype
[1] 5e-06

$nThreads
[1] 1

$subSampleFile
[1] ""

$help
[1] FALSE

[1] "opt$r.corr"
[1] 0
dosage_zerod_cutoff  0.2 
Any dosages <=  0.2  for genetic variants with MAC <=  10  are set to be 0.
single-variant association test will be performed
[1] "Leave-one-chromosome-out is not applied"
[1] "LOCO = FASLE and leave-one-chromosome-out is not applied"
isSparseGRM is  FALSE 
variance Ratio null is  0.6453589 
[1] "ratioVec_sparse"
[1] -1
[1] "ratioVec_null"
[1] 0.6453589
dosageFile type is  tractor_hybrid 
(2026-06-08 21:19:23.372365) ---- Analyzing Chunk 1 :  chrom InitialChunk ---- 
the end of file
52 markers were tested.
tractor_hybrid timing chunk 1: total=0.041s input_io=0.001s reader_decode=0.000s hybrid_get_marker=0.002s get_marker_overhead=0.001s marker_pvalue=0.007s reset_zero=0.000s condition_total=0.009s condition_cache_hit=9 condition_cache_miss=51 impute_qc=0.000s variance_ratio=0.000s joint_cct_spa=0.013s output_write=0.002s other_cpp_or_r=0.016s
tractor_hybrid pvalue timing chunk 1: pvalue_score=0.006s score_fast_calls=306 score_slow_calls=0 scorefast_extract=0.000s scorefast_projection=0.000s scorefast_variance=0.001s scorefast_result=0.004s scorefast_gtilde=0.000s scorefast_gtilde_calls=306 pvalue_alloc=0.000s pvalue_getadjg=0.000s getadjg_calls=0 getadjg_accum=0.000s getadjg_projection=0.000s getadjg_spa=0.000s getadjg_spa_calls=0 getadjg_firth=0.000s getadjg_firth_calls=0 getadjg_condition=0.000s getadjg_condition_calls=0 getadjg_region=0.000s getadjg_region_calls=0 getadjg_other=0.000s getadjg_other_calls=0 pvalue_spa=0.000s spa_calls=0 pvalue_firth=0.000s firth_calls=0 pvalue_er=0.000s pvalue_condition_adjust=0.000s pvalue_region_finalize=0.000s
write to output
   user  system elapsed 
 14.076   4.548  18.531 
isTRACTORHYBRIDEnd  TRUE 
[1] "Analysis done! The results have been saved to 'output/step2_results.tsv'."
